build/app/outputs/mapping/release/usage.txt
com.example.imc_flutter.R$style
com.example.imc_flutter.R$drawable
com.example.imc_flutter.R
com.example.imc_flutter.R$id
com.example.imc_flutter.R$color
com.example.imc_flutter.R$dimen
com.example.imc_flutter.R$integer
com.example.imc_flutter.R$styleable
com.example.imc_flutter.R$mipmap
com.example.imc_flutter.R$attr
com.example.imc_flutter.R$layout
com.example.imc_flutter.BuildConfig
com.example.imc_flutter.R$string
...
kotlin.collections.ArraysKt___ArraysKt$asSequence$$inlined$Sequence$4
kotlin.sequences.SequencesKt___SequencesKt$filterIndexed$1
kotlin.reflect.KProperty1$Getter
kotlin.reflect.KDeclarationContainer
kotlin.coroutines.jvm.internal.DebugProbesKt
kotlin.collections.AbstractMap$values$1
androidx.lifecycle.ViewModelStoreOwner
androidx.core.content.SharedPreferencesCompat
androidx.lifecycle.MutableLiveData
io.flutter.view.FlutterRunArguments
kotlin.jvm.JvmWildcard
androidx.core.content.res.FontResourcesParserCompat$FetchStrategy
kotlin.coroutines.experimental.SequenceBuilderIterator
io.flutter.embedding.android.FlutterFragmentActivity$NewEngineIntentBuilder
kotlin.collections.AbstractList$IteratorImpl
androidx.core.view.GestureDetectorCompat$GestureDetectorCompatImpl
kotlin.comparisons.NaturalOrderComparator
androidx.core.hardware.fingerprint.FingerprintManagerCompat
androidx.annotation.LongDef
kotlin.collections.AbstractMutableList
androidx.core.app.ActivityRecreator$2
androidx.lifecycle.livedata.R
kotlin.reflect.KMutableProperty0
kotlin.text.StringsKt__IndentKt$getIndentFunction$1
kotlin.sequences.FlatteningSequence
androidx.viewpager.widget.PagerTabStrip$2
kotlin.concurrent.TimersKt
kotlin.coroutines.intrinsics.CoroutineSingletons
kotlin.PreconditionsKt__AssertionsJVMKt
io.flutter.embedding.engine.dart.DartExecutor$DefaultBinaryMessenger:
    public void send(java.lang.String,java.nio.ByteBuffer)
kotlin.text.StringsKt___StringsKt$windowedSequence$2
androidx.core.app.ServiceCompat
kotlin.jvm.internal.ReflectionFactory
kotlin.comparisons.ComparisonsKt__ComparisonsKt$compareByDescending$2
androidx.activity.ComponentActivity$3:
    void <init>(androidx.activity.ComponentActivity)
androidx.loader.content.ModernAsyncTask$2
io.flutter.app.FlutterActivityEvents
io.flutter.view.FlutterView$FirstFrameListener
com.tekartik.sqflite.R$id
kotlin.ranges.UIntProgressionIterator
kotlin.coroutines.experimental.migration.ExperimentalContinuationMigration
kotlin.io.FileTreeWalk$FileTreeWalkIterator$TopDownDirectoryState
androidx.fragment.app.BackStackRecord
androidx.loader.content.ModernAsyncTask$WorkerRunnable
kotlin.collections.ArraysKt___ArraysKt$withIndex$6
androidx.core.content.FileProvider
kotlin.text.CharDirectionality$Companion
kotlin.ranges.CharProgressionIterator
kotlin.jvm.internal.Ref$IntRef
androidx.core.app.FrameMetricsAggregator$FrameMetricsApi24Impl$1
kotlin.TypeCastException
io.flutter.plugin.common.JSONUtil:
    private void <init>()
    public static java.lang.Object unwrap(java.lang.Object)
androidx.core.widget.NestedScrollView$AccessibilityDelegate
kotlin.jvm.internal.TypeReference$WhenMappings
androidx.core.content.ContextCompat
androidx.annotation.Dimension
com.tekartik.sqflite.R$integer
androidx.core.widget.EdgeEffectCompat
androidx.core.view.accessibility.AccessibilityViewCommand$SetSelectionArguments
kotlin.jvm.functions.Function18
kotlin.io.LinesSequence
kotlin.text.CharsKt__CharKt
androidx.versionedparcelable.VersionedParcel$ParcelException
kotlin.collections.unsigned.UArraysKt___UArraysKt$withIndex$2
kotlin.jvm.internal.ArrayBooleanIterator
kotlin.sequences.SequenceScope
androidx.fragment.app.FragmentTransition$1
kotlin.contracts.CallsInPlace
androidx.lifecycle.ReportFragment$ActivityInitializationListener
androidx.core.app.ActivityCompat$1
androidx.core.app.NotificationCompat$Action$Builder
kotlin.ranges.UIntRange$Companion
io.flutter.view.FlutterMain$Settings
kotlin.sequences.SequencesKt___SequencesKt$minus$2
androidx.core.os.UserManagerCompat
org.intellij.lang.annotations.PrintFormat
androidx.core.util.AtomicFile